<?xml version="1.0" encoding="UTF-8"?>
<!-- Generated by org.testng.reporters.JUnitReportReporter -->
<testsuite hostname="DESKTOP-KHRT4DN" failures="0" tests="1" name="Test.WFH" time="6.556" errors="0" timestamp="2022-09-01T12:55:48 IST" skipped="0">
  <testcase classname="Test.WFH" name="Test" time="6.556"/>
  <system-out/>
</testsuite> <!-- Test.WFH -->
